SF:/home/baggio/code/personal/championship-films/api/championship-films-api/Program.cs
FN:14,System.Void championship_films_api.Program::Main(System.String[])
FNDA:0,System.Void championship_films_api.Program::Main(System.String[])
DA:15,0
DA:16,0
DA:17,0
FN:19,Microsoft.Extensions.Hosting.IHostBuilder championship_films_api.Program::CreateHostBuilder(System.String[])
FNDA:0,Microsoft.Extensions.Hosting.IHostBuilder championship_films_api.Program::CreateHostBuilder(System.String[])
DA:20,0
DA:21,0
DA:22,0
DA:23,0
DA:24,0
LF:8
LH:0
BRF:0
BRH:0
FNF:2
FNH:0
end_of_record
SF:/home/baggio/code/personal/championship-films/api/championship-films-api/Startup.cs
FN:20,Microsoft.Extensions.Configuration.IConfiguration championship_films_api.Startup::get_Configuration()
FNDA:0,Microsoft.Extensions.Configuration.IConfiguration championship_films_api.Startup::get_Configuration()
DA:21,0
FN:25,System.Void championship_films_api.Startup::ConfigureServices(Microsoft.Extensions.DependencyInjection.IServiceCollection)
FNDA:0,System.Void championship_films_api.Startup::ConfigureServices(Microsoft.Extensions.DependencyInjection.IServiceCollection)
DA:26,0
DA:27,0
DA:28,0
DA:29,0
DA:30,0
DA:31,0
DA:32,0
DA:33,0
DA:34,0
DA:35,0
DA:36,0
DA:37,0
DA:38,0
DA:39,0
DA:40,0
DA:41,0
DA:42,0
DA:43,0
DA:44,0
DA:45,0
DA:46,0
DA:47,0
DA:48,0
FN:50,System.Void championship_films_api.Startup::Configure(Microsoft.AspNetCore.Builder.IApplicationBuilder,Microsoft.AspNetCore.Hosting.IWebHostEnvironment)
FNDA:0,System.Void championship_films_api.Startup::Configure(Microsoft.AspNetCore.Builder.IApplicationBuilder,Microsoft.AspNetCore.Hosting.IWebHostEnvironment)
DA:51,0
DA:52,0
DA:53,0
DA:54,0
DA:55,0
DA:57,0
DA:59,0
DA:61,0
DA:63,0
DA:65,0
DA:66,0
DA:67,0
DA:68,0
DA:69,0
BRDA:52,9,0,0
BRDA:52,9,1,0
FN:15,System.Void championship_films_api.Startup::.ctor(Microsoft.Extensions.Configuration.IConfiguration)
FNDA:0,System.Void championship_films_api.Startup::.ctor(Microsoft.Extensions.Configuration.IConfiguration)
DA:16,0
DA:17,0
DA:18,0
DA:19,0
DA:23,0
LF:43
LH:0
BRF:2
BRH:0
FNF:4
FNH:0
end_of_record
SF:/home/baggio/code/personal/championship-films/api/championship-films-api/Services/FilmService.cs
FN:51,System.Collections.Generic.List`1<championship_films_api.Models.Film> championship_films_api.Services.FilmService::GenerateChampionship(System.Collections.Generic.List`1<championship_films_api.Models.Film>)
FNDA:6,System.Collections.Generic.List`1<championship_films_api.Models.Film> championship_films_api.Services.FilmService::GenerateChampionship(System.Collections.Generic.List`1<championship_films_api.Models.Film>)
DA:52,6
DA:53,6
DA:55,5
DA:56,3
DA:57,3
DA:58,3
DA:59,3
DA:60,3
DA:61,3
DA:62,3
DA:65,2
DA:66,16
DA:67,6
DA:68,6
DA:69,6
DA:70,2
DA:71,5
BRDA:55,20,0,3
BRDA:55,20,1,2
BRDA:66,156,1,6
BRDA:66,156,0,2
FN:73,System.Void championship_films_api.Services.FilmService::Validate(System.Collections.Generic.List`1<championship_films_api.Models.Film>)
FNDA:6,System.Void championship_films_api.Services.FilmService::Validate(System.Collections.Generic.List`1<championship_films_api.Models.Film>)
DA:74,6
DA:75,6
DA:76,1
DA:77,1
DA:79,5
BRDA:75,14,0,1
BRDA:75,14,1,5
FN:81,System.Tuple`2<championship_films_api.Models.Film,championship_films_api.Models.Film> championship_films_api.Services.FilmService::Play(championship_films_api.Models.Film,championship_films_api.Models.Film)
FNDA:9,System.Tuple`2<championship_films_api.Models.Film,championship_films_api.Models.Film> championship_films_api.Services.FilmService::Play(championship_films_api.Models.Film,championship_films_api.Models.Film)
DA:82,9
DA:83,9
DA:84,3
DA:85,3
DA:87,6
DA:88,4
DA:89,4
DA:91,2
DA:92,9
BRDA:83,17,0,3
BRDA:83,17,1,6
BRDA:87,46,0,4
BRDA:87,46,1,2
FN:15,System.Void championship_films_api.Services.FilmService::.ctor(System.Net.Http.IHttpClientFactory,championship_films_api.Services.IChampionshipFilmsResultService)
FNDA:4,System.Void championship_films_api.Services.FilmService::.ctor(System.Net.Http.IHttpClientFactory,championship_films_api.Services.IChampionshipFilmsResultService)
DA:16,4
DA:17,4
DA:18,4
DA:19,4
DA:20,4
DA:21,4
FN:23,System.Void championship_films_api.Services.FilmService/<GetFilmsAsync>d__3::MoveNext()
FNDA:0,System.Void championship_films_api.Services.FilmService/<GetFilmsAsync>d__3::MoveNext()
DA:24,0
DA:25,0
DA:26,0
DA:27,0
DA:28,0
DA:29,0
DA:30,0
DA:31,0
DA:32,0
DA:34,0
DA:35,0
BRDA:28,237,0,0
BRDA:31,425,0,0
BRDA:31,425,1,0
BRDA:28,237,1,0
FN:38,System.Int32 championship_films_api.Services.FilmService/<>c::<HandleFilmsAsync>b__4_0(championship_films_api.Models.Film,championship_films_api.Models.Film)
FNDA:26,System.Int32 championship_films_api.Services.FilmService/<>c::<HandleFilmsAsync>b__4_0(championship_films_api.Models.Film,championship_films_api.Models.Film)
DA:39,26
FN:37,System.Void championship_films_api.Services.FilmService/<HandleFilmsAsync>d__4::MoveNext()
FNDA:4,System.Void championship_films_api.Services.FilmService/<HandleFilmsAsync>d__4::MoveNext()
DA:38,4
DA:40,4
DA:41,3
DA:42,3
DA:43,3
DA:44,3
DA:45,3
DA:46,3
DA:47,3
DA:48,3
DA:49,3
LF:60
LH:49
BRF:14
BRH:10
FNF:7
FNH:6
end_of_record
SF:/home/baggio/code/personal/championship-films/api/championship-films-api/Models/ChampionshipFilmsResult.cs
FN:10,System.String championship_films_api.Models.ChampionshipFilmsResult::get_Id()
FNDA:0,System.String championship_films_api.Models.ChampionshipFilmsResult::get_Id()
DA:11,0
FN:13,championship_films_api.Models.Film championship_films_api.Models.ChampionshipFilmsResult::get_FirstPlace()
FNDA:6,championship_films_api.Models.Film championship_films_api.Models.ChampionshipFilmsResult::get_FirstPlace()
DA:14,6
FN:16,championship_films_api.Models.Film championship_films_api.Models.ChampionshipFilmsResult::get_SecondPlace()
FNDA:6,championship_films_api.Models.Film championship_films_api.Models.ChampionshipFilmsResult::get_SecondPlace()
DA:17,6
FN:19,System.DateTime championship_films_api.Models.ChampionshipFilmsResult::get_CreateAt()
FNDA:0,System.DateTime championship_films_api.Models.ChampionshipFilmsResult::get_CreateAt()
DA:20,0
LF:4
LH:2
BRF:0
BRH:0
FNF:4
FNH:2
end_of_record
SF:/home/baggio/code/personal/championship-films/api/championship-films-api/Models/DatabaseSettings.cs
FN:4,System.String championship_films_api.Models.DatabaseSettings::get_ConnectionString()
FNDA:0,System.String championship_films_api.Models.DatabaseSettings::get_ConnectionString()
DA:5,0
FN:5,System.String championship_films_api.Models.DatabaseSettings::get_DatabaseName()
FNDA:0,System.String championship_films_api.Models.DatabaseSettings::get_DatabaseName()
DA:6,0
FN:6,System.String championship_films_api.Models.DatabaseSettings::get_ChampionshipFilmsResultCollectionName()
FNDA:0,System.String championship_films_api.Models.DatabaseSettings::get_ChampionshipFilmsResultCollectionName()
DA:7,0
LF:3
LH:0
BRF:0
BRH:0
FNF:3
FNH:0
end_of_record
SF:/home/baggio/code/personal/championship-films/api/championship-films-api/Models/Film.cs
FN:9,System.String championship_films_api.Models.Film::get_Id()
FNDA:0,System.String championship_films_api.Models.Film::get_Id()
DA:10,0
FN:12,System.String championship_films_api.Models.Film::get_Title()
FNDA:57,System.String championship_films_api.Models.Film::get_Title()
DA:13,57
FN:15,System.Int32 championship_films_api.Models.Film::get_Year()
FNDA:0,System.Int32 championship_films_api.Models.Film::get_Year()
DA:16,0
FN:18,System.Single championship_films_api.Models.Film::get_Rating()
FNDA:43,System.Single championship_films_api.Models.Film::get_Rating()
DA:19,43
LF:4
LH:2
BRF:0
BRH:0
FNF:4
FNH:2
end_of_record