SF:/home/baggio/code/personal/championship-films/api/championship-films-api/Program.cs
FN:14,System.Void championship_films_api.Program::Main(System.String[])
FNDA:0,System.Void championship_films_api.Program::Main(System.String[])
DA:15,0
DA:16,0
DA:17,0
FN:19,Microsoft.Extensions.Hosting.IHostBuilder championship_films_api.Program::CreateHostBuilder(System.String[])
FNDA:0,Microsoft.Extensions.Hosting.IHostBuilder championship_films_api.Program::CreateHostBuilder(System.String[])
DA:20,0
DA:21,0
DA:22,0
DA:23,0
DA:24,0
LF:8
LH:0
BRF:0
BRH:0
FNF:2
FNH:0
end_of_record
SF:/home/baggio/code/personal/championship-films/api/championship-films-api/Startup.cs
FN:23,Microsoft.Extensions.Configuration.IConfiguration championship_films_api.Startup::get_Configuration()
FNDA:0,Microsoft.Extensions.Configuration.IConfiguration championship_films_api.Startup::get_Configuration()
DA:24,0
FN:28,System.Void championship_films_api.Startup::ConfigureServices(Microsoft.Extensions.DependencyInjection.IServiceCollection)
FNDA:0,System.Void championship_films_api.Startup::ConfigureServices(Microsoft.Extensions.DependencyInjection.IServiceCollection)
DA:29,0
DA:30,0
DA:31,0
DA:32,0
DA:33,0
DA:34,0
DA:35,0
DA:36,0
DA:37,0
DA:38,0
DA:39,0
DA:40,0
DA:41,0
DA:42,0
DA:43,0
DA:44,0
FN:46,System.Void championship_films_api.Startup::Configure(Microsoft.AspNetCore.Builder.IApplicationBuilder,Microsoft.AspNetCore.Hosting.IWebHostEnvironment)
FNDA:0,System.Void championship_films_api.Startup::Configure(Microsoft.AspNetCore.Builder.IApplicationBuilder,Microsoft.AspNetCore.Hosting.IWebHostEnvironment)
DA:47,0
DA:48,0
DA:49,0
DA:50,0
DA:51,0
DA:53,0
DA:55,0
DA:57,0
DA:59,0
DA:61,0
DA:62,0
DA:63,0
DA:64,0
DA:65,0
BRDA:48,9,0,0
BRDA:48,9,1,0
FN:18,System.Void championship_films_api.Startup::.ctor(Microsoft.Extensions.Configuration.IConfiguration)
FNDA:0,System.Void championship_films_api.Startup::.ctor(Microsoft.Extensions.Configuration.IConfiguration)
DA:19,0
DA:20,0
DA:21,0
DA:22,0
DA:26,0
LF:36
LH:0
BRF:2
BRH:0
FNF:4
FNH:0
end_of_record
SF:/home/baggio/code/personal/championship-films/api/championship-films-api/Services/FilmService.cs
FN:33,System.Collections.Generic.List`1<championship_films_api.Models.Film> championship_films_api.Services.FilmService::HandleFilms(System.Collections.Generic.List`1<championship_films_api.Models.Film>)
FNDA:4,System.Collections.Generic.List`1<championship_films_api.Models.Film> championship_films_api.Services.FilmService::HandleFilms(System.Collections.Generic.List`1<championship_films_api.Models.Film>)
DA:34,4
DA:35,26
DA:36,4
DA:37,3
FN:39,System.Collections.Generic.List`1<championship_films_api.Models.Film> championship_films_api.Services.FilmService::GenerateChamponship(System.Collections.Generic.List`1<championship_films_api.Models.Film>)
FNDA:6,System.Collections.Generic.List`1<championship_films_api.Models.Film> championship_films_api.Services.FilmService::GenerateChamponship(System.Collections.Generic.List`1<championship_films_api.Models.Film>)
DA:40,6
DA:41,6
DA:42,1
DA:43,1
DA:46,5
DA:47,3
DA:48,3
DA:49,3
DA:50,3
DA:51,3
DA:52,3
DA:53,3
DA:56,2
DA:57,16
DA:58,6
DA:59,6
DA:60,6
DA:61,2
DA:62,5
BRDA:41,14,0,1
BRDA:41,14,1,5
BRDA:46,39,0,3
BRDA:46,39,1,2
BRDA:57,176,1,6
BRDA:57,176,0,2
FN:64,System.Tuple`2<championship_films_api.Models.Film,championship_films_api.Models.Film> championship_films_api.Services.FilmService::Play(championship_films_api.Models.Film,championship_films_api.Models.Film)
FNDA:9,System.Tuple`2<championship_films_api.Models.Film,championship_films_api.Models.Film> championship_films_api.Services.FilmService::Play(championship_films_api.Models.Film,championship_films_api.Models.Film)
DA:65,9
DA:66,9
DA:67,3
DA:68,3
DA:70,6
DA:71,4
DA:72,4
DA:74,2
DA:75,9
BRDA:66,17,0,3
BRDA:66,17,1,6
BRDA:70,46,0,4
BRDA:70,46,1,2
FN:13,System.Void championship_films_api.Services.FilmService::.ctor(System.Net.Http.IHttpClientFactory)
FNDA:4,System.Void championship_films_api.Services.FilmService::.ctor(System.Net.Http.IHttpClientFactory)
DA:14,4
DA:15,4
DA:16,4
DA:17,4
FN:19,System.Void championship_films_api.Services.FilmService/<GetFilmsAsync>d__2::MoveNext()
FNDA:0,System.Void championship_films_api.Services.FilmService/<GetFilmsAsync>d__2::MoveNext()
DA:20,0
DA:21,0
DA:22,0
DA:23,0
DA:24,0
DA:25,0
DA:26,0
DA:27,0
DA:28,0
DA:30,0
DA:31,0
BRDA:24,237,0,0
BRDA:27,425,0,0
BRDA:27,425,1,0
BRDA:24,237,1,0
LF:47
LH:36
BRF:14
BRH:10
FNF:5
FNH:4
end_of_record
SF:/home/baggio/code/personal/championship-films/api/championship-films-api/Models/Film.cs
FN:9,System.String championship_films_api.Models.Film::get_Id()
FNDA:0,System.String championship_films_api.Models.Film::get_Id()
DA:10,0
FN:12,System.String championship_films_api.Models.Film::get_Title()
FNDA:57,System.String championship_films_api.Models.Film::get_Title()
DA:13,57
FN:15,System.Int32 championship_films_api.Models.Film::get_Year()
FNDA:0,System.Int32 championship_films_api.Models.Film::get_Year()
DA:16,0
FN:18,System.Single championship_films_api.Models.Film::get_Rating()
FNDA:43,System.Single championship_films_api.Models.Film::get_Rating()
DA:19,43
LF:4
LH:2
BRF:0
BRH:0
FNF:4
FNH:2
end_of_record